[FATAL] 2017-04-07 11:18:25: 0        [main] ( BasicLogger.java,74 ) - 
org.app.co.jp.com.UserException: Operation's parameter is not right! :executeOperationId('OPERATION_13')
	at org.app.co.jp.util.Utils.getOperationId(Utils.java:713)
	at org.app.co.jp.util.Utils.analysisCommand(Utils.java:674)
	at org.app.co.jp.util.Utils.addOuterDealPython(Utils.java:479)
	at org.app.co.jp.util.DomXMLUtils.main(DomXMLUtils.java:54)

[FATAL] 2017-04-07 11:19:30: 0        [main] ( BasicLogger.java,74 ) - 
java.lang.ArrayIndexOutOfBoundsException: 3
	at org.app.co.jp.util.Utils.getExcelFileName(Utils.java:739)
	at org.app.co.jp.util.Utils.analysisCommand(Utils.java:675)
	at org.app.co.jp.util.Utils.addOuterDealPython(Utils.java:479)
	at org.app.co.jp.util.DomXMLUtils.main(DomXMLUtils.java:54)

[FATAL] 2017-04-07 11:20:03: 0        [main] ( BasicLogger.java,74 ) - 
org.app.co.jp.com.UserException: The file is not exists:C:\\Users\\shawn.shaohua.wang\\Desktop\\script\\data_20170407112003.xls
	at org.app.co.jp.util.Utils.CreateOperationScript(Utils.java:821)
	at org.app.co.jp.util.Utils.analysisCommand(Utils.java:697)
	at org.app.co.jp.util.Utils.addOuterDealPython(Utils.java:479)
	at org.app.co.jp.util.DomXMLUtils.main(DomXMLUtils.java:54)

[FATAL] 2017-04-07 11:20:47: 0        [main] ( BasicLogger.java,74 ) - 
java.lang.NullPointerException
	at org.app.co.jp.util.Utils.CreateOperationScript(Utils.java:835)
	at org.app.co.jp.util.Utils.analysisCommand(Utils.java:697)
	at org.app.co.jp.util.Utils.addOuterDealPython(Utils.java:479)
	at org.app.co.jp.util.DomXMLUtils.main(DomXMLUtils.java:54)

[FATAL] 2017-04-07 11:21:41: 0        [main] ( BasicLogger.java,74 ) - 
java.lang.NullPointerException
	at org.app.co.jp.util.Utils.CreateOperationScript(Utils.java:835)
	at org.app.co.jp.util.Utils.analysisCommand(Utils.java:697)
	at org.app.co.jp.util.Utils.addOuterDealPython(Utils.java:479)
	at org.app.co.jp.util.DomXMLUtils.main(DomXMLUtils.java:54)

[FATAL] 2017-04-07 16:27:13: 0        [AWT-EventQueue-0] ( BasicLogger.java,74 ) - 
java.lang.NullPointerException
	at org.app.co.jp.dao.ScenarioDao.searchList(ScenarioDao.java:54)
	at org.app.co.jp.ap.ScenarioDialog.searchDetailList(ScenarioDialog.java:449)
	at org.app.co.jp.ap.ScenarioDialog.initialize(ScenarioDialog.java:145)
	at org.app.co.jp.ap.ScenarioDialog.<init>(ScenarioDialog.java:96)
	at org.app.co.jp.ap.ScenarioListDialog$5.actionPerformed(ScenarioListDialog.java:335)
	at javax.swing.AbstractButton.fireActionPerformed(AbstractButton.java:2022)
	at javax.swing.AbstractButton$Handler.actionPerformed(AbstractButton.java:2346)
	at javax.swing.DefaultButtonModel.fireActionPerformed(DefaultButtonModel.java:402)
	at javax.swing.DefaultButtonModel.setPressed(DefaultButtonModel.java:259)
	at javax.swing.plaf.basic.BasicButtonListener.mouseReleased(BasicButtonListener.java:252)
	at java.awt.Component.processMouseEvent(Component.java:6527)
	at javax.swing.JComponent.processMouseEvent(JComponent.java:3321)
	at java.awt.Component.processEvent(Component.java:6292)
	at java.awt.Container.processEvent(Container.java:2234)
	at java.awt.Component.dispatchEventImpl(Component.java:4883)
	at java.awt.Container.dispatchEventImpl(Container.java:2292)
	at java.awt.Component.dispatchEvent(Component.java:4705)
	at java.awt.LightweightDispatcher.retargetMouseEvent(Container.java:4898)
	at java.awt.LightweightDispatcher.processMouseEvent(Container.java:4533)
	at java.awt.LightweightDispatcher.dispatchEvent(Container.java:4462)
	at java.awt.Container.dispatchEventImpl(Container.java:2278)
	at java.awt.Window.dispatchEventImpl(Window.java:2739)
	at java.awt.Component.dispatchEvent(Component.java:4705)
	at java.awt.EventQueue.dispatchEventImpl(EventQueue.java:746)
	at java.awt.EventQueue.access$400(EventQueue.java:97)
	at java.awt.EventQueue$3.run(EventQueue.java:697)
	at java.awt.EventQueue$3.run(EventQueue.java:691)
	at java.security.AccessController.doPrivileged(Native Method)
	at java.security.ProtectionDomain$1.doIntersectionPrivilege(ProtectionDomain.java:75)
	at java.security.ProtectionDomain$1.doIntersectionPrivilege(ProtectionDomain.java:86)
	at java.awt.EventQueue$4.run(EventQueue.java:719)
	at java.awt.EventQueue$4.run(EventQueue.java:717)
	at java.security.AccessController.doPrivileged(Native Method)
	at java.security.ProtectionDomain$1.doIntersectionPrivilege(ProtectionDomain.java:75)
	at java.awt.EventQueue.dispatchEvent(EventQueue.java:716)
	at java.awt.EventDispatchThread.pumpOneEventForFilters(EventDispatchThread.java:201)
	at java.awt.EventDispatchThread.pumpEventsForFilter(EventDispatchThread.java:116)
	at java.awt.EventDispatchThread.pumpEventsForHierarchy(EventDispatchThread.java:105)
	at java.awt.EventDispatchThread.pumpEvents(EventDispatchThread.java:101)
	at java.awt.EventDispatchThread.pumpEvents(EventDispatchThread.java:93)
	at java.awt.EventDispatchThread.run(EventDispatchThread.java:82)

[FATAL] 2017-04-07 16:29:36: 142874     [Thread-12] ( BasicLogger.java,74 ) - 
java.lang.NullPointerException
	at org.app.co.jp.dao.ScenarioDao.searchList(ScenarioDao.java:55)
	at org.app.co.jp.dao.OperationDao.getDefinitionInfoByOperationId(OperationDao.java:495)
	at org.app.co.jp.util.Utils.getOperationDefinitionData(Utils.java:836)
	at org.app.co.jp.util.Utils.analysisCommand(Utils.java:720)
	at org.app.co.jp.util.Utils.addOuterDealPython(Utils.java:504)
	at org.sikuli.scriptrunner.JythonScriptRunner.runPython(JythonScriptRunner.java:204)
	at org.sikuli.scriptrunner.JythonScriptRunner.runScript(JythonScriptRunner.java:178)
	at org.app.co.jp.util.RunHelp$SubRun.run(RunHelp.java:80)
	at java.lang.Thread.run(Thread.java:745)

